
-----------------------------------
RANK: 2
up=14
down=6
left=1
right=3
data after exchange:
[[ 2 14 14 14 14 14 14  2]
 [ 1  2  2  2  2  2  2  3]
 [ 1  2  2  2  2  2  2  3]
 [ 1  2  2  2  2  2  2  3]
 [ 1  2  2  2  2  2  2  3]
 [ 1  2  2  2  2  2  2  3]
 [ 1  2  2  2  2  2  2  3]
 [ 2  6  6  6  6  6  6  2]]


-----------------------------------
RANK: 10
up=6
down=14
left=9
right=11
data after exchange:
[[10  6  6  6  6  6  6 10]
 [ 9 10 10 10 10 10 10 11]
 [ 9 10 10 10 10 10 10 11]
 [ 9 10 10 10 10 10 10 11]
 [ 9 10 10 10 10 10 10 11]
 [ 9 10 10 10 10 10 10 11]
 [ 9 10 10 10 10 10 10 11]
 [10 14 14 14 14 14 14 10]]


-----------------------------------
RANK: 14
up=10
down=2
left=13
right=15
data after exchange:
[[14 10 10 10 10 10 10 14]
 [13 14 14 14 14 14 14 15]
 [13 14 14 14 14 14 14 15]
 [13 14 14 14 14 14 14 15]
 [13 14 14 14 14 14 14 15]
 [13 14 14 14 14 14 14 15]
 [13 14 14 14 14 14 14 15]
 [14  2  2  2  2  2  2 14]]


-----------------------------------
RANK: 3
up=15
down=7
left=2
right=0
data after exchange:
[[ 3 15 15 15 15 15 15  3]
 [ 2  3  3  3  3  3  3  0]
 [ 2  3  3  3  3  3  3  0]
 [ 2  3  3  3  3  3  3  0]
 [ 2  3  3  3  3  3  3  0]
 [ 2  3  3  3  3  3  3  0]
 [ 2  3  3  3  3  3  3  0]
 [ 3  7  7  7  7  7  7  3]]


-----------------------------------
RANK: 6
up=2
down=10
left=5
right=7
data after exchange:
[[ 6  2  2  2  2  2  2  6]
 [ 5  6  6  6  6  6  6  7]
 [ 5  6  6  6  6  6  6  7]
 [ 5  6  6  6  6  6  6  7]
 [ 5  6  6  6  6  6  6  7]
 [ 5  6  6  6  6  6  6  7]
 [ 5  6  6  6  6  6  6  7]
 [ 6 10 10 10 10 10 10  6]]


-----------------------------------
RANK: 7
up=3
down=11
left=6
right=4
data after exchange:
[[ 7  3  3  3  3  3  3  7]
 [ 6  7  7  7  7  7  7  4]
 [ 6  7  7  7  7  7  7  4]
 [ 6  7  7  7  7  7  7  4]
 [ 6  7  7  7  7  7  7  4]
 [ 6  7  7  7  7  7  7  4]
 [ 6  7  7  7  7  7  7  4]
 [ 7 11 11 11 11 11 11  7]]


-----------------------------------
RANK: 11
up=7
down=15
left=10
right=8
data after exchange:
[[11  7  7  7  7  7  7 11]
 [10 11 11 11 11 11 11  8]
 [10 11 11 11 11 11 11  8]
 [10 11 11 11 11 11 11  8]
 [10 11 11 11 11 11 11  8]
 [10 11 11 11 11 11 11  8]
 [10 11 11 11 11 11 11  8]
 [11 15 15 15 15 15 15 11]]


-----------------------------------
RANK: 15
up=11
down=3
left=14
right=12
data after exchange:
[[15 11 11 11 11 11 11 15]
 [14 15 15 15 15 15 15 12]
 [14 15 15 15 15 15 15 12]
 [14 15 15 15 15 15 15 12]
 [14 15 15 15 15 15 15 12]
 [14 15 15 15 15 15 15 12]
 [14 15 15 15 15 15 15 12]
 [15  3  3  3  3  3  3 15]]


-----------------------------------
RANK: 0
up=12
down=4
left=3
right=1
data after exchange:
[[ 0 12 12 12 12 12 12  0]
 [ 3  0  0  0  0  0  0  1]
 [ 3  0  0  0  0  0  0  1]
 [ 3  0  0  0  0  0  0  1]
 [ 3  0  0  0  0  0  0  1]
 [ 3  0  0  0  0  0  0  1]
 [ 3  0  0  0  0  0  0  1]
 [ 0  4  4  4  4  4  4  0]]


-----------------------------------
RANK: 8
up=4
down=12
left=11
right=9
data after exchange:
[[ 8  4  4  4  4  4  4  8]
 [11  8  8  8  8  8  8  9]
 [11  8  8  8  8  8  8  9]
 [11  8  8  8  8  8  8  9]
 [11  8  8  8  8  8  8  9]
 [11  8  8  8  8  8  8  9]
 [11  8  8  8  8  8  8  9]
 [ 8 12 12 12 12 12 12  8]]


-----------------------------------
RANK: 12
up=8
down=0
left=15
right=13
data after exchange:
[[12  8  8  8  8  8  8 12]
 [15 12 12 12 12 12 12 13]
 [15 12 12 12 12 12 12 13]
 [15 12 12 12 12 12 12 13]
 [15 12 12 12 12 12 12 13]
 [15 12 12 12 12 12 12 13]
 [15 12 12 12 12 12 12 13]
 [12  0  0  0  0  0  0 12]]


-----------------------------------
RANK: 4
up=0
down=8
left=7
right=5
data after exchange:
[[4 0 0 0 0 0 0 4]
 [7 4 4 4 4 4 4 5]
 [7 4 4 4 4 4 4 5]
 [7 4 4 4 4 4 4 5]
 [7 4 4 4 4 4 4 5]
 [7 4 4 4 4 4 4 5]
 [7 4 4 4 4 4 4 5]
 [4 8 8 8 8 8 8 4]]


-----------------------------------
RANK: 1
up=13
down=5
left=0
right=2
data after exchange:
[[ 1 13 13 13 13 13 13  1]
 [ 0  1  1  1  1  1  1  2]
 [ 0  1  1  1  1  1  1  2]
 [ 0  1  1  1  1  1  1  2]
 [ 0  1  1  1  1  1  1  2]
 [ 0  1  1  1  1  1  1  2]
 [ 0  1  1  1  1  1  1  2]
 [ 1  5  5  5  5  5  5  1]]


-----------------------------------
RANK: 9
up=5
down=13
left=8
right=10
data after exchange:
[[ 9  5  5  5  5  5  5  9]
 [ 8  9  9  9  9  9  9 10]
 [ 8  9  9  9  9  9  9 10]
 [ 8  9  9  9  9  9  9 10]
 [ 8  9  9  9  9  9  9 10]
 [ 8  9  9  9  9  9  9 10]
 [ 8  9  9  9  9  9  9 10]
 [ 9 13 13 13 13 13 13  9]]


-----------------------------------
RANK: 13
up=9
down=1
left=12
right=14
data after exchange:
[[13  9  9  9  9  9  9 13]
 [12 13 13 13 13 13 13 14]
 [12 13 13 13 13 13 13 14]
 [12 13 13 13 13 13 13 14]
 [12 13 13 13 13 13 13 14]
 [12 13 13 13 13 13 13 14]
 [12 13 13 13 13 13 13 14]
 [13  1  1  1  1  1  1 13]]


-----------------------------------
RANK: 5
up=1
down=9
left=4
right=6
data after exchange:
[[5 1 1 1 1 1 1 5]
 [4 5 5 5 5 5 5 6]
 [4 5 5 5 5 5 5 6]
 [4 5 5 5 5 5 5 6]
 [4 5 5 5 5 5 5 6]
 [4 5 5 5 5 5 5 6]
 [4 5 5 5 5 5 5 6]
 [5 9 9 9 9 9 9 5]]

