-------------------------------------------------------------
STREAM version $Revision: 5.10 $
-------------------------------------------------------------
This system uses 8 bytes per array element.
-------------------------------------------------------------
Array size = 20000000 (elements), Offset = 0 (elements)
Memory per array = 152.6 MiB (= 0.1 GiB).
Total memory required = 457.8 MiB (= 0.4 GiB).
Each kernel will be executed 20 times.
 The *best* time for each kernel (excluding the first iteration)
 will be used to compute the reported bandwidth.
-------------------------------------------------------------
Your clock granularity/precision appears to be 1 microseconds.
Each test below will take on the order of 12706 microseconds.
   (= 12706 clock ticks)
Increase the size of the arrays if this shows that
you are not getting at least 20 clock ticks per test.
-------------------------------------------------------------
WARNING -- The above is only a rough guideline.
For best results, please be sure you know the
precision of your system timer.
-------------------------------------------------------------
Function    Best Rate MB/s  Avg time     Min time     Max time
Copy:           33522.6     0.009870     0.009546     0.009980
Scale:          21583.6     0.015167     0.014826     0.015368
Add:            26582.3     0.018152     0.018057     0.018317
Triad:          26407.0     0.018285     0.018177     0.018358
-------------------------------------------------------------
Solution Validates: avg error less than 1.000000e-13 on all three arrays
-------------------------------------------------------------
